SF:lib\src\utils\date_format.dart
DA:2,2
DA:3,2
DA:4,10
DA:5,10
DA:7,2
LF:5
LH:5
end_of_record
SF:lib\src\utils\font_styles.dart
DA:7,3
DA:9,27
DA:10,9
DA:14,12
DA:19,18
DA:25,24
DA:26,8
DA:31,6
LF:8
LH:8
end_of_record
SF:lib\src\data\models\user.dart
DA:5,5
DA:12,10
LF:2
LH:2
end_of_record
SF:lib\src\helpers\get.dart
DA:4,14
DA:5,42
DA:10,14
DA:12,2
DA:15,14
DA:18,14
DA:19,14
DA:20,28
DA:24,1
DA:25,1
DA:26,2
DA:29,13
DA:30,13
DA:31,26
DA:34,26
DA:37,1
DA:38,2
DA:39,1
DA:40,1
DA:43,3
DA:44,1
DA:48,2
DA:51,2
DA:52,2
DA:54,4
DA:55,4
DA:62,14
DA:63,28
DA:64,28
DA:68,14
DA:69,28
DA:70,28
LF:32
LH:32
end_of_record
SF:lib\src\data\providers\local\preferences_provider.dart
DA:7,13
DA:9,2
DA:10,6
DA:13,1
DA:14,2
LF:5
LH:5
end_of_record
SF:lib\src\data\repositories_implements\account_repository _impl.dart
DA:10,13
DA:12,2
DA:13,4
LF:3
LH:3
end_of_record
SF:lib\src\data\repositories_implements\authentication_repository_impl.dart
DA:9,13
DA:12,1
DA:14,2
DA:17,1
DA:19,2
DA:22,1
DA:24,2
DA:27,2
DA:29,4
DA:32,2
DA:33,4
DA:35,1
DA:37,2
LF:13
LH:13
end_of_record
SF:lib\src\data\repositories_implements\food_menu_repository_impl.dart
DA:8,13
DA:10,6
DA:12,12
LF:3
LH:3
end_of_record
SF:lib\src\data\repositories_implements\preferences_repository_impl.dart
DA:8,13
DA:10,1
DA:11,2
DA:13,2
DA:15,4
LF:5
LH:5
end_of_record
SF:lib\src\data\repositories_implements\websocket_repository_impl.dart
DA:8,13
DA:10,7
DA:12,14
DA:15,7
DA:16,14
DA:18,1
DA:20,2
LF:7
LH:7
end_of_record
SF:lib\src\data\providers\local\authentication_client.dart
DA:7,0
DA:9,0
DA:10,0
DA:13,0
DA:14,0
DA:17,0
DA:18,0
LF:7
LH:0
end_of_record
SF:lib\src\data\providers\remote\acoount_provider.dart
DA:6,0
DA:8,0
DA:9,0
DA:12,0
DA:15,0
DA:17,0
DA:23,0
LF:7
LH:0
end_of_record
SF:lib\src\data\providers\remote\authentication_provider.dart
DA:4,0
DA:7,0
DA:8,0
DA:14,0
DA:15,0
DA:19,0
DA:20,0
LF:7
LH:0
end_of_record
SF:lib\src\data\models\dish.dart
DA:8,8
DA:18,3
DA:19,3
DA:20,3
DA:21,3
DA:22,3
DA:23,3
DA:24,3
DA:25,3
LF:9
LH:9
end_of_record
SF:lib\src\data\providers\remote\food_menu_provider.dart
DA:8,0
DA:9,0
DA:10,0
DA:12,0
DA:14,0
DA:16,0
DA:17,0
DA:18,0
DA:19,0
DA:20,0
DA:21,0
DA:22,0
DA:24,0
DA:25,0
DA:26,0
DA:29,0
DA:32,0
LF:17
LH:0
end_of_record
SF:lib\src\data\models\notification.dart
DA:7,7
LF:1
LH:1
end_of_record
SF:lib\src\data\providers\remote\websocket_provider.dart
DA:7,0
DA:8,0
DA:11,0
DA:12,0
DA:13,0
DA:19,0
DA:23,0
DA:24,0
DA:26,0
DA:27,0
DA:28,0
DA:29,0
DA:30,0
DA:31,0
DA:32,0
DA:33,0
DA:35,0
DA:40,0
DA:41,0
DA:42,0
DA:43,0
LF:21
LH:0
end_of_record
SF:lib\src\ui\pages\dish\dish_controller.dart
DA:9,3
DA:20,2
DA:21,1
DA:22,1
DA:23,1
DA:25,1
DA:26,3
DA:29,1
DA:30,2
DA:31,1
DA:34,1
DA:36,1
DA:37,2
DA:39,1
LF:14
LH:14
end_of_record
SF:lib\src\ui\pages\forgot_password\forgot_passwprd_controller.dart
DA:9,2
DA:13,1
DA:14,1
DA:17,5
DA:18,4
LF:5
LH:5
end_of_record
SF:lib\src\ui\global_widgets\dish_counter.dart
DA:8,10
DA:14,0
DA:21,0
DA:23,0
DA:24,0
DA:30,0
DA:32,0
DA:33,0
DA:36,0
DA:37,0
DA:38,0
DA:39,0
DA:40,0
DA:44,0
DA:46,0
DA:51,0
DA:53,0
DA:55,0
DA:56,0
DA:58,0
DA:59,0
DA:61,0
DA:65,0
DA:66,0
DA:67,0
DA:74,0
DA:76,0
DA:77,0
DA:79,0
LF:29
LH:1
end_of_record
SF:lib\src\ui\pages\dish\dish_page.dart
DA:13,2
DA:15,0
DA:16,0
DA:20,0
DA:22,0
DA:23,0
DA:24,0
DA:26,0
DA:27,0
DA:28,0
DA:29,0
DA:30,0
DA:33,0
DA:40,0
DA:43,0
DA:44,0
LF:16
LH:1
end_of_record
SF:lib\src\ui\pages\home\tabs\home_tab\widgets\dish_item.dart
DA:14,6
DA:20,6
DA:26,36
DA:28,2
DA:29,6
DA:30,4
DA:32,2
DA:35,4
DA:39,6
DA:41,6
DA:42,6
DA:43,6
DA:45,12
DA:46,6
DA:48,6
DA:49,6
DA:50,6
DA:51,6
DA:52,6
DA:54,6
DA:55,12
DA:59,6
DA:62,6
DA:66,6
DA:67,6
DA:68,6
DA:69,6
DA:72,6
DA:74,6
DA:75,6
DA:76,6
DA:77,6
DA:78,6
DA:92,6
DA:94,6
DA:95,6
DA:96,12
DA:97,12
DA:102,6
DA:104,6
DA:105,6
DA:106,6
DA:108,12
DA:111,6
DA:112,6
DA:113,18
DA:114,12
DA:122,12
DA:123,0
DA:125,0
DA:127,0
DA:130,0
DA:137,0
DA:138,0
DA:139,0
DA:145,0
DA:147,0
DA:158,4
LF:58
LH:49
end_of_record
SF:lib\src\ui\global_controllers\my_cart_controller.dart
DA:7,0
DA:9,2
DA:10,6
DA:13,18
DA:15,0
DA:16,0
DA:17,0
DA:18,0
DA:19,0
DA:20,0
DA:22,0
DA:23,0
DA:24,0
DA:25,0
DA:26,0
DA:28,2
DA:29,2
DA:30,0
DA:35,0
DA:36,0
DA:37,0
DA:38,0
DA:40,0
DA:44,0
DA:45,0
DA:46,0
DA:47,0
DA:48,0
DA:49,0
LF:29
LH:5
end_of_record
SF:lib\src\ui\pages\home\home_page.dart
DA:15,6
DA:17,6
DA:19,6
DA:20,6
DA:21,6
DA:22,12
DA:24,6
DA:25,6
DA:26,6
DA:28,12
DA:29,18
DA:30,6
DA:33,12
DA:34,6
DA:37,6
DA:38,6
DA:39,6
DA:43,6
DA:44,6
DA:47,6
DA:48,6
LF:21
LH:21
end_of_record
SF:lib\src\data\models\category.dart
DA:4,6
DA:7,12
LF:2
LH:2
end_of_record
SF:lib\src\ui\global_controllers\notifications_controller.dart
DA:14,14
DA:17,7
DA:18,14
DA:20,7
DA:22,7
DA:23,35
DA:26,7
DA:28,7
DA:29,21
DA:30,28
DA:31,7
DA:34,1
DA:35,2
DA:38,0
DA:40,0
DA:41,0
DA:42,0
LF:17
LH:13
end_of_record
SF:lib\src\ui\global_widgets\rounded_button.dart
DA:14,3
DA:24,3
DA:26,3
DA:28,3
DA:31,3
DA:32,3
DA:34,3
DA:35,3
DA:36,3
DA:37,3
DA:38,3
DA:39,3
DA:40,3
DA:42,3
DA:45,3
DA:46,3
DA:48,6
DA:50,3
DA:51,3
LF:19
LH:19
end_of_record
SF:lib\src\ui\pages\home\home_controller.dart
DA:13,7
DA:14,7
DA:25,14
DA:28,6
DA:32,8
DA:38,7
DA:39,14
DA:66,14
DA:68,7
DA:69,14
DA:70,7
DA:71,28
DA:72,7
DA:73,14
DA:74,21
DA:77,7
DA:78,7
DA:81,18
DA:82,12
DA:83,4
DA:87,2
DA:88,4
DA:89,2
DA:90,2
DA:92,4
DA:94,2
DA:95,2
DA:98,1
DA:99,2
DA:100,1
DA:101,2
DA:102,1
DA:103,1
DA:108,1
DA:109,2
DA:110,2
DA:111,1
DA:112,2
DA:115,3
DA:116,1
DA:117,1
DA:120,7
DA:122,7
DA:130,7
DA:136,7
DA:141,7
DA:142,7
DA:143,7
DA:144,0
LF:49
LH:48
end_of_record
SF:lib\src\ui\pages\dish\widgets\add_to_cart_button.dart
DA:9,10
DA:11,0
DA:12,0
DA:14,0
DA:16,0
DA:18,0
DA:19,0
DA:20,0
DA:26,0
DA:29,0
DA:31,0
DA:32,0
DA:33,0
DA:35,0
DA:36,0
DA:41,0
LF:16
LH:1
end_of_record
SF:lib\src\ui\pages\dish\widgets\dish_detail.dart
DA:15,10
DA:17,0
DA:19,0
DA:20,0
DA:21,0
DA:22,0
DA:31,0
DA:33,0
DA:34,0
DA:37,0
DA:39,0
DA:40,0
DA:41,0
DA:44,0
DA:45,0
DA:48,0
DA:49,0
DA:52,0
DA:53,0
DA:55,0
DA:56,0
DA:57,0
DA:58,0
DA:60,0
DA:61,0
DA:62,0
DA:70,0
DA:72,0
DA:73,0
DA:77,0
DA:81,0
DA:85,0
DA:89,0
DA:94,0
DA:95,0
DA:96,0
DA:99,0
DA:100,0
LF:38
LH:1
end_of_record
SF:lib\src\ui\pages\dish\widgets\dish_header.dart
DA:10,10
DA:12,0
DA:14,0
DA:15,0
DA:16,0
DA:17,0
DA:18,0
DA:19,0
DA:20,0
DA:21,0
DA:22,0
DA:23,0
DA:24,0
DA:25,0
DA:29,0
DA:33,0
DA:35,0
DA:37,0
DA:40,0
DA:42,0
DA:43,0
DA:44,0
DA:45,0
DA:52,0
DA:55,0
DA:56,0
DA:59,0
DA:65,0
LF:28
LH:1
end_of_record
SF:lib\src\utils\app\app_utils.dart
DA:4,8
DA:5,8
LF:2
LH:2
end_of_record
SF:lib\src\ui\pages\home\tabs\favorites_tab\favorites_tab.dart
DA:9,10
DA:11,2
DA:13,2
DA:18,2
DA:20,2
DA:22,10
DA:24,2
DA:26,2
DA:27,1
DA:29,2
DA:33,2
LF:11
LH:11
end_of_record
SF:lib\src\ui\pages\home\tabs\home_tab\home_tab.dart
DA:12,10
DA:14,6
DA:16,6
DA:20,6
DA:22,6
DA:23,6
DA:24,6
DA:25,6
DA:26,18
DA:27,6
DA:31,6
DA:34,6
DA:35,6
DA:37,6
DA:38,6
DA:40,6
DA:42,6
DA:43,6
DA:45,6
DA:47,6
DA:50,6
DA:52,12
DA:61,6
DA:62,6
DA:64,6
DA:65,12
DA:67,6
DA:70,0
DA:74,6
DA:75,6
DA:77,6
DA:78,12
DA:80,12
DA:81,6
DA:84,0
DA:88,6
DA:89,6
DA:91,6
DA:92,12
DA:94,6
DA:97,0
DA:101,6
DA:102,6
DA:104,6
DA:105,12
DA:107,12
DA:108,6
DA:111,0
DA:122,6
LF:49
LH:45
end_of_record
SF:lib\src\ui\pages\home\tabs\notifications_tab\notifications_tab.dart
DA:8,10
DA:10,1
DA:12,1
DA:17,1
DA:19,1
DA:20,1
DA:22,1
DA:23,1
DA:24,1
DA:25,1
DA:26,1
DA:28,1
DA:32,1
LF:13
LH:13
end_of_record
SF:lib\src\ui\pages\home\tabs\profile_tab.dart
DA:19,10
DA:21,1
DA:22,2
DA:24,2
DA:25,4
DA:26,2
DA:27,1
DA:28,1
DA:30,2
DA:31,2
DA:34,1
DA:38,1
DA:40,2
DA:41,1
DA:45,1
DA:46,1
DA:47,1
DA:49,1
DA:50,1
DA:51,1
DA:52,1
DA:53,1
DA:60,1
DA:62,1
DA:64,1
DA:66,1
DA:67,1
DA:69,1
DA:71,1
DA:72,1
DA:75,1
DA:77,2
DA:81,2
DA:83,1
DA:86,1
DA:88,2
DA:92,4
DA:94,1
DA:97,1
DA:99,2
DA:103,2
DA:105,1
DA:108,1
DA:110,2
DA:114,1
DA:115,2
DA:120,1
DA:122,1
DA:124,1
DA:126,1
DA:127,1
DA:128,1
DA:131,1
DA:132,1
DA:134,2
DA:138,1
DA:139,0
DA:142,1
DA:144,1
DA:148,1
DA:151,1
DA:152,1
DA:154,2
DA:158,1
DA:159,0
DA:162,1
DA:164,1
DA:170,1
DA:172,1
DA:174,1
DA:176,1
DA:177,1
DA:178,1
DA:181,1
DA:183,2
DA:187,1
DA:188,0
DA:191,1
DA:193,1
DA:197,1
DA:200,1
DA:202,2
DA:206,1
DA:207,2
DA:210,1
DA:212,2
LF:86
LH:83
end_of_record
SF:lib\src\ui\pages\home\widgets\home_bottom_bar.dart
DA:12,10
DA:14,6
DA:16,6
DA:18,18
DA:20,18
DA:21,6
DA:24,6
DA:26,6
DA:27,6
DA:29,6
DA:30,6
DA:31,6
DA:32,6
DA:33,6
DA:35,6
DA:46,6
DA:51,6
DA:57,6
DA:59,12
DA:60,6
DA:62,6
DA:63,0
DA:64,0
DA:68,6
DA:69,12
DA:74,6
DA:75,18
DA:76,18
DA:77,6
DA:78,6
DA:79,18
LF:31
LH:29
end_of_record
SF:lib\src\ui\pages\home\widgets\my_cart_button.dart
DA:11,10
DA:13,0
DA:15,6
DA:18,18
DA:21,6
DA:29,0
DA:30,0
DA:32,0
DA:34,0
DA:38,0
DA:40,0
DA:41,0
DA:42,0
DA:43,0
DA:48,0
DA:53,0
DA:54,0
DA:57,0
DA:60,0
DA:61,0
DA:62,0
DA:64,0
DA:65,0
DA:67,0
DA:72,0
DA:73,0
LF:26
LH:4
end_of_record
SF:lib\src\ui\pages\home\tabs\favorites_tab\favorites_item.dart
DA:13,1
DA:17,1
DA:19,0
DA:20,0
DA:21,0
DA:24,1
DA:26,1
DA:28,1
DA:30,1
DA:31,1
DA:32,1
DA:34,0
DA:35,0
DA:58,1
DA:59,1
DA:60,1
DA:62,1
DA:74,1
DA:75,1
DA:76,1
DA:79,1
DA:85,1
DA:86,2
DA:91,1
DA:93,1
DA:95,1
DA:96,1
DA:97,1
DA:100,1
DA:101,1
DA:102,2
DA:103,2
DA:108,1
DA:113,1
DA:115,1
DA:117,1
DA:119,1
DA:126,1
DA:127,3
DA:128,2
DA:138,1
DA:140,2
DA:142,2
DA:143,1
LF:44
LH:39
end_of_record
SF:lib\src\ui\pages\home\tabs\home_tab\home_tab_controller.dart
DA:31,12
DA:33,6
DA:34,6
DA:37,6
DA:38,24
DA:39,6
LF:6
LH:6
end_of_record
SF:lib\src\ui\pages\home\tabs\home_tab\widgets\categories_menu.dart
DA:13,10
DA:15,6
DA:17,6
DA:18,6
DA:20,6
DA:22,6
DA:23,12
DA:24,6
DA:25,12
DA:26,6
DA:28,6
DA:38,6
DA:42,6
DA:47,6
DA:49,6
DA:50,6
DA:52,6
DA:56,6
DA:58,6
DA:60,6
DA:62,6
DA:66,6
DA:78,6
DA:81,6
DA:82,6
DA:83,6
DA:84,0
DA:85,0
DA:88,6
DA:89,12
DA:94,6
DA:95,12
DA:96,12
DA:103,0
LF:34
LH:31
end_of_record
SF:lib\src\ui\pages\home\tabs\home_tab\widgets\horizontal_dishes.dart
DA:13,6
DA:21,6
DA:23,6
DA:26,6
DA:28,6
DA:29,6
DA:32,6
DA:33,6
DA:35,6
DA:37,6
DA:38,6
DA:39,6
DA:40,6
DA:41,6
DA:43,6
DA:46,6
DA:48,6
DA:50,6
DA:55,6
DA:56,6
DA:58,6
DA:59,12
DA:60,6
DA:61,6
DA:63,6
DA:66,12
LF:26
LH:26
end_of_record
SF:lib\src\ui\pages\home\tabs\home_tab\widgets\search_buttom.dart
DA:9,10
DA:11,0
DA:13,6
DA:15,6
DA:17,6
DA:20,6
DA:21,6
DA:23,6
DA:25,6
DA:26,6
DA:27,0
DA:32,6
DA:38,6
DA:40,6
DA:45,0
LF:15
LH:12
end_of_record
SF:lib\src\ui\pages\home\tabs\notifications_tab\notifications_item.dart
DA:9,1
DA:12,1
DA:14,1
DA:16,1
DA:17,0
DA:19,1
DA:21,1
DA:24,1
DA:25,1
DA:26,1
DA:27,1
DA:29,1
DA:31,3
DA:37,1
DA:38,1
DA:40,1
DA:41,1
DA:43,1
DA:44,2
DA:45,1
DA:48,1
DA:51,1
DA:52,1
DA:54,1
DA:56,2
DA:58,2
DA:59,1
DA:63,1
DA:65,1
DA:67,1
DA:68,3
DA:69,2
LF:32
LH:31
end_of_record
SF:lib\src\utils\dialogs.dart
DA:6,1
DA:15,1
DA:18,2
DA:19,0
DA:20,1
DA:21,1
DA:22,1
DA:23,1
DA:24,1
DA:25,2
DA:26,1
DA:34,1
DA:40,2
DA:42,2
DA:43,1
DA:44,1
DA:45,0
DA:46,1
DA:47,1
DA:48,1
DA:49,1
DA:50,1
DA:53,1
DA:54,1
DA:55,1
DA:62,0
DA:70,1
DA:71,1
DA:73,0
DA:74,0
DA:75,0
LF:31
LH:25
end_of_record
SF:lib\src\ui\pages\home\widgets\home_indicator.dart
DA:10,10
DA:13,0
DA:15,6
DA:17,18
DA:25,6
DA:27,6
DA:33,6
DA:34,12
DA:35,12
DA:36,12
DA:37,42
DA:38,12
LF:12
LH:11
end_of_record
SF:lib\src\utils\app\check_web_render.dart
DA:3,8
DA:4,16
DA:5,16
LF:3
LH:3
end_of_record
SF:lib\src\utils\app\mock_dart_js.dart
DA:1,24
DA:2,8
LF:2
LH:2
end_of_record
SF:lib\src\ui\global_widgets\input_text.dart
DA:17,2
DA:27,2
DA:29,2
DA:30,2
DA:36,2
DA:39,2
DA:41,2
DA:42,6
DA:43,6
DA:44,6
DA:46,3
DA:50,1
DA:52,2
DA:53,1
DA:56,1
DA:57,2
DA:58,4
DA:59,2
DA:62,2
DA:63,3
DA:67,0
DA:68,0
DA:69,0
DA:73,2
DA:75,2
DA:77,2
DA:78,2
DA:79,2
DA:80,4
DA:81,4
DA:82,4
DA:83,2
DA:84,6
DA:85,4
DA:86,4
DA:87,1
DA:89,1
DA:91,1
DA:96,2
DA:98,2
LF:40
LH:37
end_of_record
SF:lib\src\ui\pages\forgot_password\forgot_password_page.dart
DA:12,1
DA:14,1
DA:16,1
DA:17,2
DA:18,1
DA:19,1
DA:20,1
DA:21,1
DA:22,1
DA:25,1
DA:28,0
DA:29,0
DA:33,1
DA:35,1
DA:36,1
DA:38,1
DA:39,1
DA:40,0
DA:41,1
DA:44,2
DA:45,2
DA:46,2
DA:47,2
DA:49,1
DA:51,1
DA:52,1
DA:53,1
DA:55,2
DA:62,1
DA:64,1
DA:67,1
DA:68,1
DA:69,0
DA:71,0
DA:73,1
DA:75,1
LF:36
LH:31
end_of_record
SF:lib\src\ui\global_widgets\custom_form.dart
DA:7,1
DA:10,1
DA:12,1
DA:13,1
DA:15,2
DA:16,2
DA:23,1
DA:26,2
DA:27,1
DA:36,1
DA:37,2
DA:40,1
DA:41,2
DA:44,1
DA:46,2
LF:15
LH:15
end_of_record
SF:lib\src\ui\pages\forgot_password\widgets\forgot_password_form.dart
DA:10,2
DA:12,0
DA:13,0
DA:14,0
DA:15,0
DA:17,0
DA:21,0
DA:25,0
DA:29,0
DA:32,0
DA:36,0
DA:41,1
DA:43,1
DA:44,1
DA:45,1
DA:47,1
DA:48,1
DA:49,1
DA:52,0
DA:55,0
DA:56,0
DA:60,1
DA:63,1
DA:64,1
DA:66,1
DA:69,1
DA:73,0
DA:74,0
LF:28
LH:13
end_of_record
SF:lib\src\ui\pages\login\login_controller.dart
DA:13,2
DA:14,2
DA:16,1
DA:17,1
DA:20,1
DA:21,1
DA:24,1
DA:26,5
DA:28,3
DA:29,2
LF:10
LH:10
end_of_record
SF:lib\src\ui\pages\onboard\onboard_controller.dart
DA:29,2
DA:31,1
DA:32,1
DA:33,3
DA:34,2
DA:35,3
DA:36,1
DA:37,1
DA:46,1
DA:48,2
DA:49,1
LF:11
LH:11
end_of_record
SF:lib\src\ui\pages\onboard\onboard_page.dart
DA:9,1
DA:11,1
DA:13,1
DA:14,1
DA:15,1
DA:16,3
DA:17,1
DA:21,2
DA:22,1
DA:23,1
DA:25,1
DA:27,1
LF:12
LH:12
end_of_record
SF:lib\src\data\models\onboard_item.dart
DA:4,1
LF:1
LH:1
end_of_record
SF:lib\src\ui\pages\onboard\widgets\bottom_controls.dart
DA:11,1
DA:13,0
DA:15,1
DA:16,2
DA:17,1
DA:19,2
DA:26,1
DA:28,1
DA:33,1
DA:35,1
DA:37,1
DA:38,1
DA:39,1
DA:40,3
DA:41,1
DA:42,1
DA:43,1
DA:49,1
DA:50,2
DA:51,1
DA:64,1
DA:66,1
DA:68,1
DA:69,1
DA:70,2
DA:71,1
DA:72,1
DA:75,1
DA:77,1
DA:78,1
LF:30
LH:29
end_of_record
SF:lib\src\ui\pages\onboard\widgets\slider.dart
DA:12,1
DA:14,1
DA:16,1
DA:18,1
DA:19,1
DA:20,1
DA:21,1
DA:22,2
DA:23,1
DA:24,2
DA:25,1
DA:26,1
DA:27,1
DA:32,1
DA:33,1
DA:35,1
DA:36,1
DA:37,1
DA:38,1
DA:41,1
DA:43,1
DA:46,1
DA:47,1
DA:48,1
DA:49,0
DA:50,0
DA:51,0
DA:53,1
DA:54,1
DA:55,1
DA:58,1
DA:59,1
DA:60,1
DA:62,3
DA:65,1
DA:66,1
DA:68,1
LF:37
LH:34
end_of_record
SF:lib\src\ui\pages\register\register_controller.dart
DA:16,2
DA:17,2
DA:18,2
DA:19,2
DA:21,1
DA:22,1
DA:25,1
DA:26,1
DA:29,1
DA:30,1
DA:33,1
DA:34,1
DA:37,1
DA:38,3
DA:39,1
DA:40,3
DA:41,1
DA:42,1
DA:43,1
DA:44,1
DA:45,1
LF:21
LH:21
end_of_record
SF:lib\src\ui\pages\register\register_page.dart
DA:10,1
DA:12,1
DA:14,1
DA:15,2
DA:16,1
DA:17,1
DA:18,1
DA:19,1
DA:20,1
DA:21,1
DA:24,1
DA:27,0
DA:30,1
DA:31,1
DA:32,0
DA:33,1
DA:34,1
DA:36,1
DA:37,5
DA:39,1
DA:42,1
DA:43,1
DA:46,1
DA:47,1
DA:49,2
DA:52,1
DA:54,1
LF:27
LH:25
end_of_record
SF:lib\src\ui\pages\register\widgets\register_form.dart
DA:12,1
DA:14,1
DA:15,1
DA:16,3
DA:19,1
DA:20,2
DA:22,1
DA:26,0
DA:33,2
DA:40,1
DA:42,1
DA:43,3
DA:44,3
DA:47,1
DA:55,1
DA:57,1
DA:58,1
DA:59,1
DA:60,1
DA:62,1
DA:65,1
DA:66,1
DA:69,1
DA:72,1
DA:73,3
DA:76,1
DA:80,1
DA:82,1
DA:83,3
DA:86,1
DA:89,1
DA:93,1
DA:94,2
DA:99,1
DA:104,1
DA:105,0
DA:107,1
DA:108,3
DA:112,1
DA:114,1
DA:117,1
DA:118,1
DA:120,1
LF:43
LH:41
end_of_record
SF:lib\src\ui\pages\splash\splash_controller.dart
DA:16,1
DA:17,2
DA:18,2
DA:20,3
DA:22,1
DA:23,2
DA:28,2
DA:29,1
DA:30,2
LF:9
LH:9
end_of_record
